Configuration file: /home/runner/work/0xAdriaTorralba.github.io/0xAdriaTorralba.github.io/_config.yml
            Source: /home/runner/work/0xAdriaTorralba.github.io/0xAdriaTorralba.github.io
       Destination: /home/runner/work/0xAdriaTorralba.github.io/0xAdriaTorralba.github.io/_site
 Incremental build: disabled. Enable with --incremental
      Generating... 
DEPRECATION WARNING: `to_time` will always preserve the receiver timezone rather than system local time in Rails 8.1.To opt in to the new behavior, set `config.active_support.to_time_preserves_timezone = :zone`. (called from load at /home/runner/work/0xAdriaTorralba.github.io/0xAdriaTorralba.github.io/vendor/bundle/ruby/3.3.0/bin/jekyll:25)
Terser: Minifying /home/runner/work/0xAdriaTorralba.github.io/0xAdriaTorralba.github.io/assets/js/bibsearch.js
Terser: Minifying /home/runner/work/0xAdriaTorralba.github.io/0xAdriaTorralba.github.io/assets/js/chartjs-setup.js
Terser: Minifying /home/runner/work/0xAdriaTorralba.github.io/0xAdriaTorralba.github.io/assets/js/common.js
Terser: Minifying /home/runner/work/0xAdriaTorralba.github.io/0xAdriaTorralba.github.io/assets/js/copy_code.js
Terser: Minifying /home/runner/work/0xAdriaTorralba.github.io/0xAdriaTorralba.github.io/assets/js/diff2html-setup.js
Terser: Minifying /home/runner/work/0xAdriaTorralba.github.io/0xAdriaTorralba.github.io/assets/js/distillpub/template.v2.js
Terser: Minifying /home/runner/work/0xAdriaTorralba.github.io/0xAdriaTorralba.github.io/assets/js/distillpub/transforms.v2.js
Terser: Minifying /home/runner/work/0xAdriaTorralba.github.io/0xAdriaTorralba.github.io/assets/js/echarts-setup.js
Terser: Minifying /home/runner/work/0xAdriaTorralba.github.io/0xAdriaTorralba.github.io/assets/js/highlight-search-term.js
Terser: Minifying /home/runner/work/0xAdriaTorralba.github.io/0xAdriaTorralba.github.io/assets/js/jupyter_new_tab.js
Terser: Minifying /home/runner/work/0xAdriaTorralba.github.io/0xAdriaTorralba.github.io/assets/js/leaflet-setup.js
Terser: Minifying /home/runner/work/0xAdriaTorralba.github.io/0xAdriaTorralba.github.io/assets/js/masonry.js
Terser: Minifying /home/runner/work/0xAdriaTorralba.github.io/0xAdriaTorralba.github.io/assets/js/mathjax-setup.js
Terser: Minifying /home/runner/work/0xAdriaTorralba.github.io/0xAdriaTorralba.github.io/assets/js/mermaid-setup.js
Terser: Minifying /home/runner/work/0xAdriaTorralba.github.io/0xAdriaTorralba.github.io/assets/js/newsletter.js
Terser: Minifying /home/runner/work/0xAdriaTorralba.github.io/0xAdriaTorralba.github.io/assets/js/no_defer.js
Terser: Minifying /home/runner/work/0xAdriaTorralba.github.io/0xAdriaTorralba.github.io/assets/js/plotly-setup.js
Terser: Minifying /home/runner/work/0xAdriaTorralba.github.io/0xAdriaTorralba.github.io/assets/js/profile-easter-egg.js
Terser: Minifying /home/runner/work/0xAdriaTorralba.github.io/0xAdriaTorralba.github.io/assets/js/progress-bar.js
Terser: Minifying /home/runner/work/0xAdriaTorralba.github.io/0xAdriaTorralba.github.io/assets/js/pseudocode-setup.js
Terser: Minifying /home/runner/work/0xAdriaTorralba.github.io/0xAdriaTorralba.github.io/assets/js/search-setup.js
Terser: Minifying /home/runner/work/0xAdriaTorralba.github.io/0xAdriaTorralba.github.io/assets/js/shortcut-key.js
Terser: Minifying /home/runner/work/0xAdriaTorralba.github.io/0xAdriaTorralba.github.io/assets/js/theme.js
Terser: Minifying /home/runner/work/0xAdriaTorralba.github.io/0xAdriaTorralba.github.io/assets/js/tooltips-setup.js
Terser: Minifying /home/runner/work/0xAdriaTorralba.github.io/0xAdriaTorralba.github.io/assets/js/typograms.js
Terser: Minifying /home/runner/work/0xAdriaTorralba.github.io/0xAdriaTorralba.github.io/assets/js/vega-setup.js
Terser: Minifying /home/runner/work/0xAdriaTorralba.github.io/0xAdriaTorralba.github.io/assets/js/venobox-setup.js
Terser: Minifying /home/runner/work/0xAdriaTorralba.github.io/0xAdriaTorralba.github.io/assets/js/wechat.js
Terser: Minifying /home/runner/work/0xAdriaTorralba.github.io/0xAdriaTorralba.github.io/assets/js/zoom.js
       Jekyll Feed: Generating feed for posts
       Imagemagick: Searching files in /home/runner/work/0xAdriaTorralba.github.io/0xAdriaTorralba.github.io/assets/img/
       Imagemagick: Generating image "/home/runner/work/0xAdriaTorralba.github.io/0xAdriaTorralba.github.io/_site/assets/img/1-480.webp"
       Imagemagick: Adding static file /home/runner/work/0xAdriaTorralba.github.io/0xAdriaTorralba.github.io/_site/assets/img/1-480.webp
       Imagemagick: Generating image "/home/runner/work/0xAdriaTorralba.github.io/0xAdriaTorralba.github.io/_site/assets/img/1-800.webp"
       Imagemagick: Adding static file /home/runner/work/0xAdriaTorralba.github.io/0xAdriaTorralba.github.io/_site/assets/img/1-800.webp
       Imagemagick: Generating image "/home/runner/work/0xAdriaTorralba.github.io/0xAdriaTorralba.github.io/_site/assets/img/1-1400.webp"
       Imagemagick: Adding static file /home/runner/work/0xAdriaTorralba.github.io/0xAdriaTorralba.github.io/_site/assets/img/1-1400.webp
       Imagemagick: Generating image "/home/runner/work/0xAdriaTorralba.github.io/0xAdriaTorralba.github.io/_site/assets/img/10-480.webp"
       Imagemagick: Adding static file /home/runner/work/0xAdriaTorralba.github.io/0xAdriaTorralba.github.io/_site/assets/img/10-480.webp
       Imagemagick: Generating image "/home/runner/work/0xAdriaTorralba.github.io/0xAdriaTorralba.github.io/_site/assets/img/10-800.webp"
       Imagemagick: Adding static file /home/runner/work/0xAdriaTorralba.github.io/0xAdriaTorralba.github.io/_site/assets/img/10-800.webp
       Imagemagick: Generating image "/home/runner/work/0xAdriaTorralba.github.io/0xAdriaTorralba.github.io/_site/assets/img/10-1400.webp"
       Imagemagick: Adding static file /home/runner/work/0xAdriaTorralba.github.io/0xAdriaTorralba.github.io/_site/assets/img/10-1400.webp
       Imagemagick: Generating image "/home/runner/work/0xAdriaTorralba.github.io/0xAdriaTorralba.github.io/_site/assets/img/11-480.webp"
       Imagemagick: Adding static file /home/runner/work/0xAdriaTorralba.github.io/0xAdriaTorralba.github.io/_site/assets/img/11-480.webp
       Imagemagick: Generating image "/home/runner/work/0xAdriaTorralba.github.io/0xAdriaTorralba.github.io/_site/assets/img/11-800.webp"
       Imagemagick: Adding static file /home/runner/work/0xAdriaTorralba.github.io/0xAdriaTorralba.github.io/_site/assets/img/11-800.webp
       Imagemagick: Generating image "/home/runner/work/0xAdriaTorralba.github.io/0xAdriaTorralba.github.io/_site/assets/img/11-1400.webp"
       Imagemagick: Adding static file /home/runner/work/0xAdriaTorralba.github.io/0xAdriaTorralba.github.io/_site/assets/img/11-1400.webp
       Imagemagick: Generating image "/home/runner/work/0xAdriaTorralba.github.io/0xAdriaTorralba.github.io/_site/assets/img/12-480.webp"
       Imagemagick: Adding static file /home/runner/work/0xAdriaTorralba.github.io/0xAdriaTorralba.github.io/_site/assets/img/12-480.webp
       Imagemagick: Generating image "/home/runner/work/0xAdriaTorralba.github.io/0xAdriaTorralba.github.io/_site/assets/img/12-800.webp"
       Imagemagick: Adding static file /home/runner/work/0xAdriaTorralba.github.io/0xAdriaTorralba.github.io/_site/assets/img/12-800.webp
       Imagemagick: Generating image "/home/runner/work/0xAdriaTorralba.github.io/0xAdriaTorralba.github.io/_site/assets/img/12-1400.webp"
       Imagemagick: Adding static file /home/runner/work/0xAdriaTorralba.github.io/0xAdriaTorralba.github.io/_site/assets/img/12-1400.webp
       Imagemagick: Generating image "/home/runner/work/0xAdriaTorralba.github.io/0xAdriaTorralba.github.io/_site/assets/img/2-480.webp"
       Imagemagick: Adding static file /home/runner/work/0xAdriaTorralba.github.io/0xAdriaTorralba.github.io/_site/assets/img/2-480.webp
       Imagemagick: Generating image "/home/runner/work/0xAdriaTorralba.github.io/0xAdriaTorralba.github.io/_site/assets/img/2-800.webp"
       Imagemagick: Adding static file /home/runner/work/0xAdriaTorralba.github.io/0xAdriaTorralba.github.io/_site/assets/img/2-800.webp
       Imagemagick: Generating image "/home/runner/work/0xAdriaTorralba.github.io/0xAdriaTorralba.github.io/_site/assets/img/2-1400.webp"
       Imagemagick: Adding static file /home/runner/work/0xAdriaTorralba.github.io/0xAdriaTorralba.github.io/_site/assets/img/2-1400.webp
       Imagemagick: Generating image "/home/runner/work/0xAdriaTorralba.github.io/0xAdriaTorralba.github.io/_site/assets/img/3-480.webp"
       Imagemagick: Adding static file /home/runner/work/0xAdriaTorralba.github.io/0xAdriaTorralba.github.io/_site/assets/img/3-480.webp
       Imagemagick: Generating image "/home/runner/work/0xAdriaTorralba.github.io/0xAdriaTorralba.github.io/_site/assets/img/3-800.webp"
       Imagemagick: Adding static file /home/runner/work/0xAdriaTorralba.github.io/0xAdriaTorralba.github.io/_site/assets/img/3-800.webp
       Imagemagick: Generating image "/home/runner/work/0xAdriaTorralba.github.io/0xAdriaTorralba.github.io/_site/assets/img/3-1400.webp"
       Imagemagick: Adding static file /home/runner/work/0xAdriaTorralba.github.io/0xAdriaTorralba.github.io/_site/assets/img/3-1400.webp
       Imagemagick: Generating image "/home/runner/work/0xAdriaTorralba.github.io/0xAdriaTorralba.github.io/_site/assets/img/4-480.webp"
       Imagemagick: Adding static file /home/runner/work/0xAdriaTorralba.github.io/0xAdriaTorralba.github.io/_site/assets/img/4-480.webp
       Imagemagick: Generating image "/home/runner/work/0xAdriaTorralba.github.io/0xAdriaTorralba.github.io/_site/assets/img/4-800.webp"
       Imagemagick: Adding static file /home/runner/work/0xAdriaTorralba.github.io/0xAdriaTorralba.github.io/_site/assets/img/4-800.webp
       Imagemagick: Generating image "/home/runner/work/0xAdriaTorralba.github.io/0xAdriaTorralba.github.io/_site/assets/img/4-1400.webp"
       Imagemagick: Adding static file /home/runner/work/0xAdriaTorralba.github.io/0xAdriaTorralba.github.io/_site/assets/img/4-1400.webp
       Imagemagick: Generating image "/home/runner/work/0xAdriaTorralba.github.io/0xAdriaTorralba.github.io/_site/assets/img/5-480.webp"
       Imagemagick: Adding static file /home/runner/work/0xAdriaTorralba.github.io/0xAdriaTorralba.github.io/_site/assets/img/5-480.webp
       Imagemagick: Generating image "/home/runner/work/0xAdriaTorralba.github.io/0xAdriaTorralba.github.io/_site/assets/img/5-800.webp"
       Imagemagick: Adding static file /home/runner/work/0xAdriaTorralba.github.io/0xAdriaTorralba.github.io/_site/assets/img/5-800.webp
       Imagemagick: Generating image "/home/runner/work/0xAdriaTorralba.github.io/0xAdriaTorralba.github.io/_site/assets/img/5-1400.webp"
       Imagemagick: Adding static file /home/runner/work/0xAdriaTorralba.github.io/0xAdriaTorralba.github.io/_site/assets/img/5-1400.webp
       Imagemagick: Generating image "/home/runner/work/0xAdriaTorralba.github.io/0xAdriaTorralba.github.io/_site/assets/img/6-480.webp"
       Imagemagick: Adding static file /home/runner/work/0xAdriaTorralba.github.io/0xAdriaTorralba.github.io/_site/assets/img/6-480.webp
       Imagemagick: Generating image "/home/runner/work/0xAdriaTorralba.github.io/0xAdriaTorralba.github.io/_site/assets/img/6-800.webp"
       Imagemagick: Adding static file /home/runner/work/0xAdriaTorralba.github.io/0xAdriaTorralba.github.io/_site/assets/img/6-800.webp
       Imagemagick: Generating image "/home/runner/work/0xAdriaTorralba.github.io/0xAdriaTorralba.github.io/_site/assets/img/6-1400.webp"
       Imagemagick: Adding static file /home/runner/work/0xAdriaTorralba.github.io/0xAdriaTorralba.github.io/_site/assets/img/6-1400.webp
       Imagemagick: Generating image "/home/runner/work/0xAdriaTorralba.github.io/0xAdriaTorralba.github.io/_site/assets/img/7-480.webp"
       Imagemagick: Adding static file /home/runner/work/0xAdriaTorralba.github.io/0xAdriaTorralba.github.io/_site/assets/img/7-480.webp
       Imagemagick: Generating image "/home/runner/work/0xAdriaTorralba.github.io/0xAdriaTorralba.github.io/_site/assets/img/7-800.webp"
       Imagemagick: Adding static file /home/runner/work/0xAdriaTorralba.github.io/0xAdriaTorralba.github.io/_site/assets/img/7-800.webp
       Imagemagick: Generating image "/home/runner/work/0xAdriaTorralba.github.io/0xAdriaTorralba.github.io/_site/assets/img/7-1400.webp"
       Imagemagick: Adding static file /home/runner/work/0xAdriaTorralba.github.io/0xAdriaTorralba.github.io/_site/assets/img/7-1400.webp
       Imagemagick: Generating image "/home/runner/work/0xAdriaTorralba.github.io/0xAdriaTorralba.github.io/_site/assets/img/8-480.webp"
       Imagemagick: Adding static file /home/runner/work/0xAdriaTorralba.github.io/0xAdriaTorralba.github.io/_site/assets/img/8-480.webp
       Imagemagick: Generating image "/home/runner/work/0xAdriaTorralba.github.io/0xAdriaTorralba.github.io/_site/assets/img/8-800.webp"
       Imagemagick: Adding static file /home/runner/work/0xAdriaTorralba.github.io/0xAdriaTorralba.github.io/_site/assets/img/8-800.webp
       Imagemagick: Generating image "/home/runner/work/0xAdriaTorralba.github.io/0xAdriaTorralba.github.io/_site/assets/img/8-1400.webp"
       Imagemagick: Adding static file /home/runner/work/0xAdriaTorralba.github.io/0xAdriaTorralba.github.io/_site/assets/img/8-1400.webp
       Imagemagick: Generating image "/home/runner/work/0xAdriaTorralba.github.io/0xAdriaTorralba.github.io/_site/assets/img/9-480.webp"
       Imagemagick: Adding static file /home/runner/work/0xAdriaTorralba.github.io/0xAdriaTorralba.github.io/_site/assets/img/9-480.webp
       Imagemagick: Generating image "/home/runner/work/0xAdriaTorralba.github.io/0xAdriaTorralba.github.io/_site/assets/img/9-800.webp"
       Imagemagick: Adding static file /home/runner/work/0xAdriaTorralba.github.io/0xAdriaTorralba.github.io/_site/assets/img/9-800.webp
       Imagemagick: Generating image "/home/runner/work/0xAdriaTorralba.github.io/0xAdriaTorralba.github.io/_site/assets/img/9-1400.webp"
       Imagemagick: Adding static file /home/runner/work/0xAdriaTorralba.github.io/0xAdriaTorralba.github.io/_site/assets/img/9-1400.webp
       Imagemagick: Generating image "/home/runner/work/0xAdriaTorralba.github.io/0xAdriaTorralba.github.io/_site/assets/img/book_covers/the_godfather-480.webp"
       Imagemagick: Adding static file /home/runner/work/0xAdriaTorralba.github.io/0xAdriaTorralba.github.io/_site/assets/img/book_covers/the_godfather-480.webp
       Imagemagick: Generating image "/home/runner/work/0xAdriaTorralba.github.io/0xAdriaTorralba.github.io/_site/assets/img/book_covers/the_godfather-800.webp"
       Imagemagick: Adding static file /home/runner/work/0xAdriaTorralba.github.io/0xAdriaTorralba.github.io/_site/assets/img/book_covers/the_godfather-800.webp
       Imagemagick: Generating image "/home/runner/work/0xAdriaTorralba.github.io/0xAdriaTorralba.github.io/_site/assets/img/book_covers/the_godfather-1400.webp"
       Imagemagick: Adding static file /home/runner/work/0xAdriaTorralba.github.io/0xAdriaTorralba.github.io/_site/assets/img/book_covers/the_godfather-1400.webp
       Imagemagick: Generating image "/home/runner/work/0xAdriaTorralba.github.io/0xAdriaTorralba.github.io/_site/assets/img/prof_pic-480.webp"
       Imagemagick: Adding static file /home/runner/work/0xAdriaTorralba.github.io/0xAdriaTorralba.github.io/_site/assets/img/prof_pic-480.webp
       Imagemagick: Generating image "/home/runner/work/0xAdriaTorralba.github.io/0xAdriaTorralba.github.io/_site/assets/img/prof_pic-800.webp"
       Imagemagick: Adding static file /home/runner/work/0xAdriaTorralba.github.io/0xAdriaTorralba.github.io/_site/assets/img/prof_pic-800.webp
       Imagemagick: Generating image "/home/runner/work/0xAdriaTorralba.github.io/0xAdriaTorralba.github.io/_site/assets/img/prof_pic-1400.webp"
       Imagemagick: Adding static file /home/runner/work/0xAdriaTorralba.github.io/0xAdriaTorralba.github.io/_site/assets/img/prof_pic-1400.webp
       Imagemagick: Generating image "/home/runner/work/0xAdriaTorralba.github.io/0xAdriaTorralba.github.io/_site/assets/img/prof_pic2-480.webp"
       Imagemagick: Adding static file /home/runner/work/0xAdriaTorralba.github.io/0xAdriaTorralba.github.io/_site/assets/img/prof_pic2-480.webp
       Imagemagick: Generating image "/home/runner/work/0xAdriaTorralba.github.io/0xAdriaTorralba.github.io/_site/assets/img/prof_pic2-800.webp"
       Imagemagick: Adding static file /home/runner/work/0xAdriaTorralba.github.io/0xAdriaTorralba.github.io/_site/assets/img/prof_pic2-800.webp
       Imagemagick: Generating image "/home/runner/work/0xAdriaTorralba.github.io/0xAdriaTorralba.github.io/_site/assets/img/prof_pic2-1400.webp"
       Imagemagick: Adding static file /home/runner/work/0xAdriaTorralba.github.io/0xAdriaTorralba.github.io/_site/assets/img/prof_pic2-1400.webp
       Imagemagick: Generating image "/home/runner/work/0xAdriaTorralba.github.io/0xAdriaTorralba.github.io/_site/assets/img/prof_pic_color-480.webp"
       Imagemagick: Adding static file /home/runner/work/0xAdriaTorralba.github.io/0xAdriaTorralba.github.io/_site/assets/img/prof_pic_color-480.webp
       Imagemagick: Generating image "/home/runner/work/0xAdriaTorralba.github.io/0xAdriaTorralba.github.io/_site/assets/img/prof_pic_color-800.webp"
       Imagemagick: Adding static file /home/runner/work/0xAdriaTorralba.github.io/0xAdriaTorralba.github.io/_site/assets/img/prof_pic_color-800.webp
       Imagemagick: Generating image "/home/runner/work/0xAdriaTorralba.github.io/0xAdriaTorralba.github.io/_site/assets/img/prof_pic_color-1400.webp"
       Imagemagick: Adding static file /home/runner/work/0xAdriaTorralba.github.io/0xAdriaTorralba.github.io/_site/assets/img/prof_pic_color-1400.webp
       Imagemagick: Generating image "/home/runner/work/0xAdriaTorralba.github.io/0xAdriaTorralba.github.io/_site/assets/img/prof_pic_old-480.webp"
       Imagemagick: Adding static file /home/runner/work/0xAdriaTorralba.github.io/0xAdriaTorralba.github.io/_site/assets/img/prof_pic_old-480.webp
       Imagemagick: Generating image "/home/runner/work/0xAdriaTorralba.github.io/0xAdriaTorralba.github.io/_site/assets/img/prof_pic_old-800.webp"
       Imagemagick: Adding static file /home/runner/work/0xAdriaTorralba.github.io/0xAdriaTorralba.github.io/_site/assets/img/prof_pic_old-800.webp
       Imagemagick: Generating image "/home/runner/work/0xAdriaTorralba.github.io/0xAdriaTorralba.github.io/_site/assets/img/prof_pic_old-1400.webp"
       Imagemagick: Adding static file /home/runner/work/0xAdriaTorralba.github.io/0xAdriaTorralba.github.io/_site/assets/img/prof_pic_old-1400.webp
       Imagemagick: Generating image "/home/runner/work/0xAdriaTorralba.github.io/0xAdriaTorralba.github.io/_site/assets/img/publication_preview/brownian-motion-480.webp"
       Imagemagick: Adding static file /home/runner/work/0xAdriaTorralba.github.io/0xAdriaTorralba.github.io/_site/assets/img/publication_preview/brownian-motion-480.webp
       Imagemagick: Generating image "/home/runner/work/0xAdriaTorralba.github.io/0xAdriaTorralba.github.io/_site/assets/img/publication_preview/brownian-motion-800.webp"
       Imagemagick: Adding static file /home/runner/work/0xAdriaTorralba.github.io/0xAdriaTorralba.github.io/_site/assets/img/publication_preview/brownian-motion-800.webp
       Imagemagick: Generating image "/home/runner/work/0xAdriaTorralba.github.io/0xAdriaTorralba.github.io/_site/assets/img/publication_preview/brownian-motion-1400.webp"
       Imagemagick: Adding static file /home/runner/work/0xAdriaTorralba.github.io/0xAdriaTorralba.github.io/_site/assets/img/publication_preview/brownian-motion-1400.webp
       Imagemagick: Generating image "/home/runner/work/0xAdriaTorralba.github.io/0xAdriaTorralba.github.io/_site/assets/img/publication_preview/wave-mechanics-480.webp"
       Imagemagick: Adding static file /home/runner/work/0xAdriaTorralba.github.io/0xAdriaTorralba.github.io/_site/assets/img/publication_preview/wave-mechanics-480.webp
       Imagemagick: Generating image "/home/runner/work/0xAdriaTorralba.github.io/0xAdriaTorralba.github.io/_site/assets/img/publication_preview/wave-mechanics-800.webp"
       Imagemagick: Adding static file /home/runner/work/0xAdriaTorralba.github.io/0xAdriaTorralba.github.io/_site/assets/img/publication_preview/wave-mechanics-800.webp
       Imagemagick: Generating image "/home/runner/work/0xAdriaTorralba.github.io/0xAdriaTorralba.github.io/_site/assets/img/publication_preview/wave-mechanics-1400.webp"
       Imagemagick: Adding static file /home/runner/work/0xAdriaTorralba.github.io/0xAdriaTorralba.github.io/_site/assets/img/publication_preview/wave-mechanics-1400.webp
       Imagemagick: Generating image "/home/runner/work/0xAdriaTorralba.github.io/0xAdriaTorralba.github.io/_site/assets/img/talks/chalmers_gothenburg-480.webp"
       Imagemagick: Adding static file /home/runner/work/0xAdriaTorralba.github.io/0xAdriaTorralba.github.io/_site/assets/img/talks/chalmers_gothenburg-480.webp
       Imagemagick: Generating image "/home/runner/work/0xAdriaTorralba.github.io/0xAdriaTorralba.github.io/_site/assets/img/talks/chalmers_gothenburg-800.webp"
       Imagemagick: Adding static file /home/runner/work/0xAdriaTorralba.github.io/0xAdriaTorralba.github.io/_site/assets/img/talks/chalmers_gothenburg-800.webp
       Imagemagick: Generating image "/home/runner/work/0xAdriaTorralba.github.io/0xAdriaTorralba.github.io/_site/assets/img/talks/chalmers_gothenburg-1400.webp"
       Imagemagick: Adding static file /home/runner/work/0xAdriaTorralba.github.io/0xAdriaTorralba.github.io/_site/assets/img/talks/chalmers_gothenburg-1400.webp
       Imagemagick: Generating image "/home/runner/work/0xAdriaTorralba.github.io/0xAdriaTorralba.github.io/_site/assets/img/talks/ethereum_dev_bcn-480.webp"
       Imagemagick: Adding static file /home/runner/work/0xAdriaTorralba.github.io/0xAdriaTorralba.github.io/_site/assets/img/talks/ethereum_dev_bcn-480.webp
       Imagemagick: Generating image "/home/runner/work/0xAdriaTorralba.github.io/0xAdriaTorralba.github.io/_site/assets/img/talks/ethereum_dev_bcn-800.webp"
       Imagemagick: Adding static file /home/runner/work/0xAdriaTorralba.github.io/0xAdriaTorralba.github.io/_site/assets/img/talks/ethereum_dev_bcn-800.webp
       Imagemagick: Generating image "/home/runner/work/0xAdriaTorralba.github.io/0xAdriaTorralba.github.io/_site/assets/img/talks/ethereum_dev_bcn-1400.webp"
       Imagemagick: Adding static file /home/runner/work/0xAdriaTorralba.github.io/0xAdriaTorralba.github.io/_site/assets/img/talks/ethereum_dev_bcn-1400.webp
       Imagemagick: Generating image "/home/runner/work/0xAdriaTorralba.github.io/0xAdriaTorralba.github.io/_site/assets/img/talks/kzg_commitments-480.webp"
       Imagemagick: Adding static file /home/runner/work/0xAdriaTorralba.github.io/0xAdriaTorralba.github.io/_site/assets/img/talks/kzg_commitments-480.webp
       Imagemagick: Generating image "/home/runner/work/0xAdriaTorralba.github.io/0xAdriaTorralba.github.io/_site/assets/img/talks/kzg_commitments-800.webp"
       Imagemagick: Adding static file /home/runner/work/0xAdriaTorralba.github.io/0xAdriaTorralba.github.io/_site/assets/img/talks/kzg_commitments-800.webp
       Imagemagick: Generating image "/home/runner/work/0xAdriaTorralba.github.io/0xAdriaTorralba.github.io/_site/assets/img/talks/kzg_commitments-1400.webp"
       Imagemagick: Adding static file /home/runner/work/0xAdriaTorralba.github.io/0xAdriaTorralba.github.io/_site/assets/img/talks/kzg_commitments-1400.webp
       Imagemagick: Generating image "/home/runner/work/0xAdriaTorralba.github.io/0xAdriaTorralba.github.io/_site/assets/img/talks/reality_adoption_blockchain-480.webp"
       Imagemagick: Adding static file /home/runner/work/0xAdriaTorralba.github.io/0xAdriaTorralba.github.io/_site/assets/img/talks/reality_adoption_blockchain-480.webp
       Imagemagick: Generating image "/home/runner/work/0xAdriaTorralba.github.io/0xAdriaTorralba.github.io/_site/assets/img/talks/reality_adoption_blockchain-800.webp"
       Imagemagick: Adding static file /home/runner/work/0xAdriaTorralba.github.io/0xAdriaTorralba.github.io/_site/assets/img/talks/reality_adoption_blockchain-800.webp
       Imagemagick: Generating image "/home/runner/work/0xAdriaTorralba.github.io/0xAdriaTorralba.github.io/_site/assets/img/talks/reality_adoption_blockchain-1400.webp"
       Imagemagick: Adding static file /home/runner/work/0xAdriaTorralba.github.io/0xAdriaTorralba.github.io/_site/assets/img/talks/reality_adoption_blockchain-1400.webp
       Imagemagick: Generating image "/home/runner/work/0xAdriaTorralba.github.io/0xAdriaTorralba.github.io/_site/assets/img/talks/recsi2022_logo-480.webp"
       Imagemagick: Adding static file /home/runner/work/0xAdriaTorralba.github.io/0xAdriaTorralba.github.io/_site/assets/img/talks/recsi2022_logo-480.webp
       Imagemagick: Generating image "/home/runner/work/0xAdriaTorralba.github.io/0xAdriaTorralba.github.io/_site/assets/img/talks/recsi2022_logo-800.webp"
       Imagemagick: Adding static file /home/runner/work/0xAdriaTorralba.github.io/0xAdriaTorralba.github.io/_site/assets/img/talks/recsi2022_logo-800.webp
       Imagemagick: Generating image "/home/runner/work/0xAdriaTorralba.github.io/0xAdriaTorralba.github.io/_site/assets/img/talks/recsi2022_logo-1400.webp"
       Imagemagick: Adding static file /home/runner/work/0xAdriaTorralba.github.io/0xAdriaTorralba.github.io/_site/assets/img/talks/recsi2022_logo-1400.webp
       Imagemagick: Adding static file /home/runner/work/0xAdriaTorralba.github.io/0xAdriaTorralba.github.io/_site/assets/img/talks/recsi2022_logo-480.webp
       Imagemagick: Adding static file /home/runner/work/0xAdriaTorralba.github.io/0xAdriaTorralba.github.io/_site/assets/img/talks/recsi2022_logo-800.webp
       Imagemagick: Adding static file /home/runner/work/0xAdriaTorralba.github.io/0xAdriaTorralba.github.io/_site/assets/img/talks/recsi2022_logo-1400.webp
       Imagemagick: Generating image "/home/runner/work/0xAdriaTorralba.github.io/0xAdriaTorralba.github.io/_site/assets/img/talks/recsi2024_leon-480.webp"
       Imagemagick: Adding static file /home/runner/work/0xAdriaTorralba.github.io/0xAdriaTorralba.github.io/_site/assets/img/talks/recsi2024_leon-480.webp
       Imagemagick: Generating image "/home/runner/work/0xAdriaTorralba.github.io/0xAdriaTorralba.github.io/_site/assets/img/talks/recsi2024_leon-800.webp"
       Imagemagick: Adding static file /home/runner/work/0xAdriaTorralba.github.io/0xAdriaTorralba.github.io/_site/assets/img/talks/recsi2024_leon-800.webp
       Imagemagick: Generating image "/home/runner/work/0xAdriaTorralba.github.io/0xAdriaTorralba.github.io/_site/assets/img/talks/recsi2024_leon-1400.webp"
       Imagemagick: Adding static file /home/runner/work/0xAdriaTorralba.github.io/0xAdriaTorralba.github.io/_site/assets/img/talks/recsi2024_leon-1400.webp
       Imagemagick: Generating image "/home/runner/work/0xAdriaTorralba.github.io/0xAdriaTorralba.github.io/_site/assets/img/talks/recsi2026_tenerife-480.webp"
       Imagemagick: Adding static file /home/runner/work/0xAdriaTorralba.github.io/0xAdriaTorralba.github.io/_site/assets/img/talks/recsi2026_tenerife-480.webp
       Imagemagick: Generating image "/home/runner/work/0xAdriaTorralba.github.io/0xAdriaTorralba.github.io/_site/assets/img/talks/recsi2026_tenerife-800.webp"
       Imagemagick: Adding static file /home/runner/work/0xAdriaTorralba.github.io/0xAdriaTorralba.github.io/_site/assets/img/talks/recsi2026_tenerife-800.webp
       Imagemagick: Generating image "/home/runner/work/0xAdriaTorralba.github.io/0xAdriaTorralba.github.io/_site/assets/img/talks/recsi2026_tenerife-1400.webp"
       Imagemagick: Adding static file /home/runner/work/0xAdriaTorralba.github.io/0xAdriaTorralba.github.io/_site/assets/img/talks/recsi2026_tenerife-1400.webp
       Imagemagick: Generating image "/home/runner/work/0xAdriaTorralba.github.io/0xAdriaTorralba.github.io/_site/assets/img/talks/taxonomy_security_l2-480.webp"
       Imagemagick: Adding static file /home/runner/work/0xAdriaTorralba.github.io/0xAdriaTorralba.github.io/_site/assets/img/talks/taxonomy_security_l2-480.webp
       Imagemagick: Generating image "/home/runner/work/0xAdriaTorralba.github.io/0xAdriaTorralba.github.io/_site/assets/img/talks/taxonomy_security_l2-800.webp"
       Imagemagick: Adding static file /home/runner/work/0xAdriaTorralba.github.io/0xAdriaTorralba.github.io/_site/assets/img/talks/taxonomy_security_l2-800.webp
       Imagemagick: Generating image "/home/runner/work/0xAdriaTorralba.github.io/0xAdriaTorralba.github.io/_site/assets/img/talks/taxonomy_security_l2-1400.webp"
       Imagemagick: Adding static file /home/runner/work/0xAdriaTorralba.github.io/0xAdriaTorralba.github.io/_site/assets/img/talks/taxonomy_security_l2-1400.webp
       Imagemagick: Generating image "/home/runner/work/0xAdriaTorralba.github.io/0xAdriaTorralba.github.io/_site/assets/img/talks/upf_logo-480.webp"
       Imagemagick: Adding static file /home/runner/work/0xAdriaTorralba.github.io/0xAdriaTorralba.github.io/_site/assets/img/talks/upf_logo-480.webp
       Imagemagick: Generating image "/home/runner/work/0xAdriaTorralba.github.io/0xAdriaTorralba.github.io/_site/assets/img/talks/upf_logo-800.webp"
       Imagemagick: Adding static file /home/runner/work/0xAdriaTorralba.github.io/0xAdriaTorralba.github.io/_site/assets/img/talks/upf_logo-800.webp
       Imagemagick: Generating image "/home/runner/work/0xAdriaTorralba.github.io/0xAdriaTorralba.github.io/_site/assets/img/talks/upf_logo-1400.webp"
       Imagemagick: Adding static file /home/runner/work/0xAdriaTorralba.github.io/0xAdriaTorralba.github.io/_site/assets/img/talks/upf_logo-1400.webp
       Imagemagick: Generating image "/home/runner/work/0xAdriaTorralba.github.io/0xAdriaTorralba.github.io/_site/assets/img/talks/yacademy_kzg-480.webp"
       Imagemagick: Adding static file /home/runner/work/0xAdriaTorralba.github.io/0xAdriaTorralba.github.io/_site/assets/img/talks/yacademy_kzg-480.webp
       Imagemagick: Generating image "/home/runner/work/0xAdriaTorralba.github.io/0xAdriaTorralba.github.io/_site/assets/img/talks/yacademy_kzg-800.webp"
       Imagemagick: Adding static file /home/runner/work/0xAdriaTorralba.github.io/0xAdriaTorralba.github.io/_site/assets/img/talks/yacademy_kzg-800.webp
       Imagemagick: Generating image "/home/runner/work/0xAdriaTorralba.github.io/0xAdriaTorralba.github.io/_site/assets/img/talks/yacademy_kzg-1400.webp"
       Imagemagick: Adding static file /home/runner/work/0xAdriaTorralba.github.io/0xAdriaTorralba.github.io/_site/assets/img/talks/yacademy_kzg-1400.webp
       Imagemagick: Generating image "/home/runner/work/0xAdriaTorralba.github.io/0xAdriaTorralba.github.io/_site/assets/img/talks/zk_privacy_scalability-480.webp"
       Imagemagick: Adding static file /home/runner/work/0xAdriaTorralba.github.io/0xAdriaTorralba.github.io/_site/assets/img/talks/zk_privacy_scalability-480.webp
       Imagemagick: Generating image "/home/runner/work/0xAdriaTorralba.github.io/0xAdriaTorralba.github.io/_site/assets/img/talks/zk_privacy_scalability-800.webp"
       Imagemagick: Adding static file /home/runner/work/0xAdriaTorralba.github.io/0xAdriaTorralba.github.io/_site/assets/img/talks/zk_privacy_scalability-800.webp
       Imagemagick: Generating image "/home/runner/work/0xAdriaTorralba.github.io/0xAdriaTorralba.github.io/_site/assets/img/talks/zk_privacy_scalability-1400.webp"
       Imagemagick: Adding static file /home/runner/work/0xAdriaTorralba.github.io/0xAdriaTorralba.github.io/_site/assets/img/talks/zk_privacy_scalability-1400.webp
       Imagemagick: Generating image "/home/runner/work/0xAdriaTorralba.github.io/0xAdriaTorralba.github.io/_site/assets/img/template_error-480.webp"
       Imagemagick: Adding static file /home/runner/work/0xAdriaTorralba.github.io/0xAdriaTorralba.github.io/_site/assets/img/template_error-480.webp
       Imagemagick: Generating image "/home/runner/work/0xAdriaTorralba.github.io/0xAdriaTorralba.github.io/_site/assets/img/template_error-800.webp"
       Imagemagick: Adding static file /home/runner/work/0xAdriaTorralba.github.io/0xAdriaTorralba.github.io/_site/assets/img/template_error-800.webp
       Imagemagick: Generating image "/home/runner/work/0xAdriaTorralba.github.io/0xAdriaTorralba.github.io/_site/assets/img/template_error-1400.webp"
       Imagemagick: Adding static file /home/runner/work/0xAdriaTorralba.github.io/0xAdriaTorralba.github.io/_site/assets/img/template_error-1400.webp
       Imagemagick: Generated 93 file(s)
         AutoPages: Disabled/Not configured in site.config.
[33m        Pagination: Is enabled, but I couldn't find any pagination page. Skipping pagination. Pages must have 'pagination: enabled: true' in their front-matter for pagination to work.[0m
        Pagination: Complete, processed pagination page(s)
DEPRECATION WARNING [import]: Sass @import rules are deprecated and will be removed in Dart Sass 3.0.0.

More info and automated migrator: https://sass-lang.com/d/import

  ╷
7 │   "variables",
  │   ^^^^^^^^^^^
  ╵
    /home/runner/work/0xAdriaTorralba.github.io/0xAdriaTorralba.github.io/assets/css/main.scss 7:3  root stylesheet
DEPRECATION WARNING [import]: Sass @import rules are deprecated and will be removed in Dart Sass 3.0.0.

More info and automated migrator: https://sass-lang.com/d/import

  ╷
8 │   "themes",
  │   ^^^^^^^^
  ╵
    /home/runner/work/0xAdriaTorralba.github.io/0xAdriaTorralba.github.io/assets/css/main.scss 8:3  root stylesheet
DEPRECATION WARNING [import]: Sass @import rules are deprecated and will be removed in Dart Sass 3.0.0.

More info and automated migrator: https://sass-lang.com/d/import

  ╷
9 │   "layout",
  │   ^^^^^^^^
  ╵
    /home/runner/work/0xAdriaTorralba.github.io/0xAdriaTorralba.github.io/assets/css/main.scss 9:3  root stylesheet
DEPRECATION WARNING [import]: Sass @import rules are deprecated and will be removed in Dart Sass 3.0.0.

More info and automated migrator: https://sass-lang.com/d/import

   ╷
10 │   "base",
   │   ^^^^^^
   ╵
    /home/runner/work/0xAdriaTorralba.github.io/0xAdriaTorralba.github.io/assets/css/main.scss 10:3  root stylesheet
DEPRECATION WARNING [import]: Sass @import rules are deprecated and will be removed in Dart Sass 3.0.0.

More info and automated migrator: https://sass-lang.com/d/import

   ╷
11 │   "distill",
   │   ^^^^^^^^^
   ╵
    /home/runner/work/0xAdriaTorralba.github.io/0xAdriaTorralba.github.io/assets/css/main.scss 11:3  root stylesheet
DEPRECATION WARNING [global-builtin]: Global built-in functions are deprecated and will be removed in Dart Sass 3.0.0.
Use string.unquote instead.

More info and automated migrator: https://sass-lang.com/d/import

  ╷
9 │     #{$fa-icon-property}: unquote("\"#{ $icon }\"");
  │                           ^^^^^^^^^^^^^^^^^^^^^^^^^
  ╵
    /home/runner/work/0xAdriaTorralba.github.io/0xAdriaTorralba.github.io/_sass/font-awesome/_icons.scss 9:27  @import
    font-awesome/fontawesome.scss 20:9                                                                         @import
    /home/runner/work/0xAdriaTorralba.github.io/0xAdriaTorralba.github.io/assets/css/main.scss 15:3            root stylesheet
DEPRECATION WARNING [global-builtin]: Global built-in functions are deprecated and will be removed in Dart Sass 3.0.0.
Use string.unquote instead.

More info and automated migrator: https://sass-lang.com/d/import

   ╷
10 │     #{$fa-duotone-icon-property}: unquote("\"#{$icon}#{$icon}\"");
   │                                   ^^^^^^^^^^^^^^^^^^^^^^^^^^^^^^^
   ╵
    /home/runner/work/0xAdriaTorralba.github.io/0xAdriaTorralba.github.io/_sass/font-awesome/_icons.scss 10:35  @import
    font-awesome/fontawesome.scss 20:9                                                                          @import
    /home/runner/work/0xAdriaTorralba.github.io/0xAdriaTorralba.github.io/assets/css/main.scss 15:3             root stylesheet
DEPRECATION WARNING [global-builtin]: Global built-in functions are deprecated and will be removed in Dart Sass 3.0.0.
Use string.unquote instead.

More info and automated migrator: https://sass-lang.com/d/import

   ╷
29 │   .#{$fa-css-prefix}-#{$name} { #{$fa-icon-property}: unquote("\"#{ $icon }\""); }
   │                                                       ^^^^^^^^^^^^^^^^^^^^^^^^^
   ╵
    font-awesome/brands.scss 29:55                                                                   @import
    /home/runner/work/0xAdriaTorralba.github.io/0xAdriaTorralba.github.io/assets/css/main.scss 16:3  root stylesheet
DEPRECATION WARNING [global-builtin]: Global built-in functions are deprecated and will be removed in Dart Sass 3.0.0.
Use string.unquote instead.

More info and automated migrator: https://sass-lang.com/d/import

   ╷
36 │   @return unquote("\"")+unquote(str-insert($str, "\\", 1))+unquote("\"")
   │           ^^^^^^^^^^^^^
   ╵
    tabler-icons/tabler-icons.scss 36:11                                                             unicode()
    tabler-icons/tabler-icons.scss 40:15                                                             @import
    /home/runner/work/0xAdriaTorralba.github.io/0xAdriaTorralba.github.io/assets/css/main.scss 19:3  root stylesheet
DEPRECATION WARNING [global-builtin]: Global built-in functions are deprecated and will be removed in Dart Sass 3.0.0.
Use string.insert instead.

More info and automated migrator: https://sass-lang.com/d/import

   ╷
36 │   @return unquote("\"")+unquote(str-insert($str, "\\", 1))+unquote("\"")
   │                                 ^^^^^^^^^^^^^^^^^^^^^^^^^
   ╵
    tabler-icons/tabler-icons.scss 36:33                                                             unicode()
    tabler-icons/tabler-icons.scss 40:15                                                             @import
    /home/runner/work/0xAdriaTorralba.github.io/0xAdriaTorralba.github.io/assets/css/main.scss 19:3  root stylesheet
WARNING: 39 repetitive deprecation warnings omitted.
Run in verbose mode to see all warnings.
[NbConvertApp] Converting notebook /tmp/jekyll-jupyter-notebook20260507-3611-xp01am.ipynb to html
/opt/hostedtoolcache/Python/3.13.13/x64/lib/python3.13/site-packages/nbconvert/filters/highlight.py:71: UserWarning: IPython3 lexer unavailable, falling back on Python 3
  return _pygments_highlight(
[33m          Conflict: The following destination is shared by multiple files.[0m
[33m                    The written file may end up with unexpected contents.[0m
[33m                    [36m/home/runner/work/0xAdriaTorralba.github.io/0xAdriaTorralba.github.io/_site/assets/img/talks/recsi2022_logo-480.webp[0m[0m
[33m                     - /home/runner/work/0xAdriaTorralba.github.io/0xAdriaTorralba.github.io/_site/assets/img/talks/recsi2022_logo-480.webp[0m
[33m                     - /home/runner/work/0xAdriaTorralba.github.io/0xAdriaTorralba.github.io/_site/assets/img/talks/recsi2022_logo-480.webp[0m
[33m                    [0m
[33m          Conflict: The following destination is shared by multiple files.[0m
[33m                    The written file may end up with unexpected contents.[0m
[33m                    [36m/home/runner/work/0xAdriaTorralba.github.io/0xAdriaTorralba.github.io/_site/assets/img/talks/recsi2022_logo-800.webp[0m[0m
[33m                     - /home/runner/work/0xAdriaTorralba.github.io/0xAdriaTorralba.github.io/_site/assets/img/talks/recsi2022_logo-800.webp[0m
[33m                     - /home/runner/work/0xAdriaTorralba.github.io/0xAdriaTorralba.github.io/_site/assets/img/talks/recsi2022_logo-800.webp[0m
[33m                    [0m
[33m          Conflict: The following destination is shared by multiple files.[0m
[33m                    The written file may end up with unexpected contents.[0m
[33m                    [36m/home/runner/work/0xAdriaTorralba.github.io/0xAdriaTorralba.github.io/_site/assets/img/talks/recsi2022_logo-1400.webp[0m[0m
[33m                     - /home/runner/work/0xAdriaTorralba.github.io/0xAdriaTorralba.github.io/_site/assets/img/talks/recsi2022_logo-1400.webp[0m
[33m                     - /home/runner/work/0xAdriaTorralba.github.io/0xAdriaTorralba.github.io/_site/assets/img/talks/recsi2022_logo-1400.webp[0m
[33m                    [0m
